[debug] [2019-04-16T22:43:25.595Z] ----------------------------------------------------------------------
[debug] [2019-04-16T22:43:25.598Z] Command:       C:\Program Files\nodejs\node.exe C:\Users\rober\AppData\Roaming\npm\node_modules\firebase-tools\lib\bin\firebase.js deploy
[debug] [2019-04-16T22:43:25.599Z] CLI Version:   6.5.3
[debug] [2019-04-16T22:43:25.599Z] Platform:      win32
[debug] [2019-04-16T22:43:25.599Z] Node Version:  v10.13.0
[debug] [2019-04-16T22:43:25.600Z] Time:          Tue Apr 16 2019 18:43:25 GMT-0400 (Eastern Daylight Time)
[debug] [2019-04-16T22:43:25.600Z] ----------------------------------------------------------------------
[debug] 
[debug] [2019-04-16T22:43:25.625Z] > command requires scopes: ["email","openid","https://www.googleapis.com/auth/cloudplatformprojects.readonly","https://www.googleapis.com/auth/firebase","https://www.googleapis.com/auth/cloud-platform"]
[debug] [2019-04-16T22:43:25.626Z] > authorizing via signed-in user
[debug] [2019-04-16T22:43:25.627Z] [iam] checking project robertmolinamir for permissions ["firebase.projects.get","firebasehosting.sites.update"]
[debug] [2019-04-16T22:43:25.629Z] > refreshing access token with scopes: ["email","https://www.googleapis.com/auth/cloud-platform","https://www.googleapis.com/auth/cloudplatformprojects.readonly","https://www.googleapis.com/auth/firebase","openid"]
[debug] [2019-04-16T22:43:25.630Z] >>> HTTP REQUEST POST https://www.googleapis.com/oauth2/v3/token  
 <request body omitted>
[debug] [2019-04-16T22:43:25.848Z] <<< HTTP RESPONSE 200
[debug] [2019-04-16T22:43:25.854Z] >>> HTTP REQUEST POST https://cloudresourcemanager.googleapis.com/v1/projects/robertmolinamir:testIamPermissions  

[debug] [2019-04-16T22:43:26.219Z] <<< HTTP RESPONSE 200
[debug] [2019-04-16T22:43:26.220Z] >>> HTTP REQUEST GET https://firebase.googleapis.com/v1beta1/projects/robertmolinamir  
 
[debug] [2019-04-16T22:43:26.534Z] <<< HTTP RESPONSE 200
[info] 
[info] === Deploying to 'robertmolinamir'...
[info] 
[info] i  deploying hosting
[debug] [2019-04-16T22:43:26.538Z] >>> HTTP REQUEST POST https://firebasehosting.googleapis.com/v1beta1/sites/robertmolinamir/versions  

[debug] [2019-04-16T22:43:27.726Z] <<< HTTP RESPONSE 200
[info] i  hosting[robertmolinamir]: beginning deploy...
[info] i  hosting[robertmolinamir]: found 79 files in build
[debug] [2019-04-16T22:43:27.751Z] [hosting] hash cache [YnVpbGQ] load error: lines is not defined
[debug] [2019-04-16T22:43:28.251Z] [hosting] hash cache [YnVpbGQ] stored for 79 files
[debug] [2019-04-16T22:43:28.251Z] [hosting][hash queue][FINAL]
[debug] [2019-04-16T22:43:28.251Z] >>> HTTP REQUEST POST https://firebasehosting.googleapis.com/v1beta1/sites/robertmolinamir/versions/ef61839f356e82d3:populateFiles  
 <request body omitted>
[debug] [2019-04-16T22:43:29.978Z] <<< HTTP RESPONSE 200
[debug] [2019-04-16T22:43:29.995Z] [hosting][populate queue][FINAL]
[debug] [2019-04-16T22:43:29.995Z] [hosting] uploads queued: 36
